1 0   100
1 1   101
10 0   102
10 1   103
10 2   104
10 3   105
10 4   106
10 5   107
10 6   108
10 7   109
10 8   110
10 9   111
10 10   112
10 11   113
10 12   114
10 13   115
10 14   116
10 15   117
10 16   118
10 17   119
10 18   120
10 19   121
10 20   122
10 21   123
10 22   124
10 23   125
10 24   126
10 25   127
10 26   128
10 27   129
10 28   130
10 29   131
10 30   132
10 31   133
10 32   134
10 33   135
10 34   136
10 35   137
10 36   138
10 37   139
10 38   140
10 39   141
10 40   142
10 41   143
10 42   144
10 43   145
10 44   146
10 45   147
10 46   148
10 47   149
10 48   150
10 49   151
10 50   152
10 51   153
10 52   154
10 53   155
10 54   156
10 55   157
10 56   158
10 57   159
10 58   160
10 59   161
10 60   162
10 61   163
10 62   164
10 63   165
10 64   166
10 65   167
10 66   168
10 67   169
10 68   170
10 69   171
10 70   172
10 71   173
10 72   174
10 73   175
10 74   176
10 75   177
10 76   178
10 77   179
10 78   180
10 79   181
10 80   182
10 81   183
10 82   184
10 83   185
10 84   186
10 85   187
10 86   188
10 87   189
10 88   190
10 89   191
10 90   192
10 91   193
10 92   194
10 93   195
10 94   196
10 95   197
10 96   198
10 97   199
10 98   200
10 99   201
10 100   202
10 101   203
10 102   204
10 103   205
10 104   206
10 105   207
10 106   208
10 107   209
10 108   210
10 109   211
10 110   212
10 111   213
10 112   214
10 113   215
10 114   216
10 115   217
10 116   218
10 117   219
10 118   220
10 119   221
10 120   222
10 121   223
10 122   224
10 123   225
10 124   226
10 125   227
10 126   228
10 127   229
10 128   230
10 129   231
10 130   232
10 131   233
10 132   234
10 133   235
10 134   236
10 135   237
10 136   238
10 137   239
10 138   240
10 139   241
10 140   242
10 141   243
10 142   244
10 143   245
10 144   246
10 145   247
10 146   248
10 147   249
10 148   250
10 149   251
10 150   252
10 151   253
10 152   254
10 153   255
10 154   256
10 155   257
10 156   258
10 157   259
10 158   260
10 159   261
10 160   262
10 161   263
10 162   264
10 163   265
10 164   266
10 165   267
10 166   268
10 167   269
10 168   270
10 169   271
10 170   272
10 171   273
10 172   274
10 173   275
10 174   276
10 175   277
10 176   278
10 177   279
10 178   280
10 179   281
10 180   282
10 181   283
10 182   284
10 183   285
10 184   286
10 185   287
10 186   288
10 187   289
10 188   290
10 189   291
10 190   292
10 191   293
10 192   294
10 193   295
10 194   296
10 195   297
10 196   298
10 197   299
10 198   300
10 199   301
10 200   302
10 201   303
10 202   304
10 203   305
10 204   306
10 205   307
10 206   308
10 207   309
10 208   310
10 209   311
10 210   312
10 211   313
10 212   314
10 213   315
10 214   316
10 215   317
10 216   318
10 217   319
10 218   320
10 219   321
10 220   322
10 221   323
10 222   324
10 223   325
10 224   326
10 225   327
10 226   328
10 227   329
10 228   330
10 229   331
10 230   332
10 231   333
10 232   334
10 233   335
10 234   336
10 235   337
10 236   338
10 237   339
10 238   340
10 239   341
10 240   342
10 241   343
10 242   344
10 243   345
10 244   346
10 245   347
10 246   348
10 247   349
10 248   350
11 0   351
11 1   352
11 2   353
11 3   354
11 4   355
11 5   356
11 6   357
11 7   358
11 8   359
11 9   360
11 10   361
11 11   362
11 12   363
11 13   364
11 14   365
11 15   366
11 16   367
11 17   368
11 18   369
11 19   370
11 20   371
11 21   372
11 22   373
11 23   374
11 24   375
11 25   376
11 26   377
11 27   378
11 28   379
11 29   380
11 30   381
11 31   382
11 32   383
11 33   384
11 34   385
11 35   386
11 36   387
11 37   388
11 38   389
11 39   390
11 40   391
11 41   392
11 42   393
11 43   394
11 44   395
11 50   396
11 51   397
11 52   398
11 53   399
11 54   400
11 55   401
11 56   402
11 57   403
11 58   404
11 59   405
11 60   406
11 61   407
12 0   408
12 1   409
12 2   410
12 3   411
12 4   412
12 5   413
12 6   414
12 10   415
12 12   416
12 13   417
12 14   418
12 16   419
12 17   420
12 18   421
12 19   422
12 20   423
12 21   424
12 22   425
12 23   426
12 24   427
12 27   428
12 28   429
12 29   430
12 30   431
12 31   432
12 32   433
12 33   434
12 34   435
12 35   436
12 36   437
12 37   438
12 38   439
12 39   440
12 40   441
12 41   442
12 42   443
12 43   444
12 44   445
12 45   446
12 46   447
12 47   448
12 48   449
12 49   450
12 50   451
12 51   452
12 52   453
12 53   454
12 54   455
12 55   456
12 56   457
12 57   458
12 58   459
12 59   460
12 60   461
12 61   462
12 62   463
12 63   464
12 64   465
12 65   466
12 66   467
12 67   468
12 68   469
12 69   470
12 70   471
12 71   472
12 72   473
12 73   474
12 74   475
12 75   476
12 76   477
12 77   478
12 78   479
12 79   480
12 80   481
12 81   482
12 82   483
12 83   484
12 84   485
12 85   486
12 86   487
12 87   488
12 88   489
12 89   490
12 90   491
12 91   492
12 92   493
12 93   494
12 94   495
12 95   496
12 96   497
12 97   498
12 98   499
12 99   500
12 100   501
12 101   502
12 102   503
12 103   504
12 104   505
12 105   506
12 106   507
12 107   508
12 108   509
12 109   510
12 110   511
12 111   512
12 112   513
12 113   514
12 114   515
12 115   516
12 116   517
12 117   518
12 118   519
12 119   520
12 120   521
12 121   522
12 122   523
12 123   524
12 124   525
12 125   526
12 126   527
12 127   528
12 128   529
12 129   530
12 130   531
12 131   532
12 132   533
12 133   534
12 134   535
12 135   536
12 136   537
12 137   538
12 138   539
12 139   540
12 140   541
12 141   542
12 142   543
12 143   544
12 144   545
12 145   546
12 146   547
12 147   548
12 148   549
12 149   550
12 150   551
12 151   552
12 152   553
12 153   554
12 154   555
12 155   556
12 156   557
12 157   558
12 158   559
12 159   560
12 160   561
12 161   562
12 162   563
12 163   564
12 164   565
12 165   566
12 166   567
12 167   568
12 168   569
12 169   570
12 170   571
12 171   572
12 172   573
12 173   574
12 174   575
12 175   576
12 176   577
12 177   578
12 178   579
12 179   580
12 180   581
12 181   582
12 182   583
12 183   584
12 184   585
12 185   586
12 186   587
12 187   588
12 188   589
12 189   590
12 190   591
12 191   592
13 0   593
13 1   594
13 2   595
13 3   596
13 4   597
13 5   598
13 6   599
13 7   600
13 8   601
13 9   602
13 10   603
13 11   604
13 12   605
13 13   606
13 14   607
13 15   608
13 16   609
13 17   610
13 18   611
13 19   612
13 20   613
13 21   614
13 22   615
13 23   616
13 24   617
14 0   618
14 1   619
14 2   620
14 3   621
14 5   622
14 6   623
14 7   624
14 8   625
14 9   626
14 10   627
14 11   628
14 12   629
14 13   630
14 14   631
14 15   632
14 16   633
14 17   634
14 18   635
14 19   636
14 20   637
14 21   638
14 22   639
14 23   640
14 24   641
14 25   642
14 26   643
14 27   644
14 28   645
14 29   646
14 30   647
14 31   648
14 32   649
14 33   650
14 34   651
14 35   652
14 36   653
14 37   654
14 38   655
14 39   656
14 40   657
14 41   658
14 42   659
14 43   660
14 44   661
14 45   662
14 46   663
14 47   664
14 48   665
14 49   666
14 50   667
14 51   668
14 52   669
14 53   670
14 54   671
14 55   672
14 56   673
14 57   674
14 58   675
14 59   676
14 60   677
14 61   678
14 62   679
14 63   680
14 64   681
14 65   682
14 66   683
14 67   684
14 68   685
14 69   686
14 70   687
14 71   688
14 72   689
14 73   690
14 74   691
14 75   692
14 76   693
14 77   694
14 78   695
14 79   696
14 80   697
14 81   698
14 82   699
14 83   700
14 84   701
14 85   702
14 86   703
14 87   704
14 88   705
14 89   706
14 90   707
14 91   708
14 92   709
14 93   710
14 94   711
14 95   712
14 96   713
14 97   714
14 98   715
14 99   716
14 100   717
14 101   718
14 102   719
14 103   720
14 104   721
14 105   722
14 106   723
14 107   724
14 108   725
14 109   726
14 110   727
14 111   728
14 112   729
14 113   730
14 114   731
14 115   732
14 116   733
14 117   734
14 118   735
14 119   736
14 120   737
14 121   738
14 122   739
14 123   740
14 124   741
14 125   742
14 126   743
14 127   744
14 128   745
14 129   746
14 130   747
14 131   748
14 132   749
14 133   750
14 134   751
14 135   752
14 136   753
14 137   754
14 138   755
14 139   756
14 140   757
14 141   758
14 142   759
14 143   760
14 144   761
14 145   762
14 146   763
14 147   764
14 148   765
14 149   766
14 150   767
14 151   768
14 152   769
14 153   770
14 154   771
14 155   772
14 156   773
14 157   774
14 158   775
14 159   776
14 160   777
14 161   778
14 162   779
14 163   780
14 164   781
14 165   782
14 166   783
14 167   784
14 168   785
14 169   786
14 170   787
14 171   788
14 172   789
14 173   790
14 174   791
14 175   792
14 176   793
14 177   794
14 178   795
14 179   796
14 180   797
14 181   798
14 182   799
14 183   800
14 184   801
14 185   802
14 186   803
14 187   804
14 188   805
14 189   806
14 190   807
14 191   808
14 192   809
14 193   810
14 194   811
14 195   812
14 196   813
14 197   814
14 198   815
14 199   816
14 200   817
14 201   818
14 202   819
14 203   820
14 204   821
14 205   822
14 206   823
14 207   824
14 208   825
14 209   826
14 210   827
14 211   828
14 212   829
14 213   830
14 214   831
14 215   832
14 216   833
14 217   834
14 218   835
14 219   836
14 220   837
14 221   838
14 222   839
14 223   840
14 224   841
14 225   842
14 226   843
14 227   844
14 228   845
14 229   846
14 230   847
14 231   848
14 232   849
14 233   850
14 234   851
14 235   852
14 236   853
14 237   854
14 238   855
14 239   856
14 240   857
14 241   858
14 242   859
14 243   860
14 244   861
14 245   862
14 246   863
14 247   864
14 249   865
14 250   866
14 251   867
14 252   868
14 253   869
15 2   870
15 3   871
15 4   872
15 5   873
15 6   874
15 7   875
15 8   876
15 9   877
15 10   878
15 11   879
15 12   880
15 13   881
15 14   882
15 15   883
15 16   884
15 17   885
15 18   886
15 19   887
15 20   888
15 21   889
15 22   890
15 23   891
15 24   892
15 25   893
15 26   894
15 27   895
15 28   896
15 29   897
15 30   898
15 33   899
15 34   900
15 35   901
15 36   902
15 37   903
15 38   904
15 39   905
15 40   906
15 41   907
15 42   908
15 43   909
15 44   910
15 45   911
15 46   912
15 47   913
15 48   914
15 49   915
15 50   916
15 51   917
15 52   918
15 53   919
15 54   920
15 55   921
15 56   922
15 57   923
15 58   924
15 59   925
15 60   926
15 61   927
15 62   928
15 63   929
15 64   930
15 65   931
15 66   932
15 67   933
15 68   934
15 69   935
15 70   936
15 83   937
15 84   938
15 85   939
15 86   940
15 87   941
15 88   942
15 89   943
15 90   944
15 91   945
15 92   946
15 93   947
15 94   948
15 95   949
16 0   950
16 1   951
16 2   952
16 3   953
16 4   954
16 5   955
16 6   956
16 7   957
16 8   958
16 9   959
16 10   960
16 11   961
16 12   962
16 13   963
16 14   964
16 15   965
16 16   966
16 17   967
16 18   968
16 19   969
16 20   970
16 21   971
16 22   972
16 23   973
16 24   974
16 25   975
16 26   976
16 27   977
16 28   978
16 29   979
16 30   980
16 31   981
16 32   982
16 33   983
16 34   984
16 35   985
16 36   986
16 37   987
16 38   988
16 39   989
16 40   990
16 41   991
16 42   992
16 43   993
16 44   994
16 45   995
16 46   996
16 47   997
16 48   998
16 49   999
16 50   1000
16 51   1001
16 52   1002
16 53   1003
16 54   1004
16 55   1005
16 56   1006
16 57   1007
16 58   1008
16 59   1009
16 60   1010
16 61   1011
16 62   1012
16 63   1013
16 64   1014
16 65   1015
16 66   1016
16 67   1017
16 68   1018
16 69   1019
16 70   1020
16 71   1021
16 72   1022
16 73   1023
16 74   1024
16 75   1025
16 76   1026
16 77   1027
16 78   1028
16 79   1029
16 80   1030
16 81   1031
16 82   1032
16 83   1033
16 84   1034
16 85   1035
16 86   1036
16 87   1037
16 88   1038
16 89   1039
16 90   1040
16 91   1041
16 92   1042
16 93   1043
16 94   1044
16 95   1045
16 96   1046
16 97   1047
16 98   1048
16 99   1049
16 100   1050
16 101   1051
16 102   1052
16 103   1053
16 104   1054
16 105   1055
16 106   1056
16 107   1057
16 108   1058
16 109   1059
16 110   1060
16 111   1061
16 112   1062
16 113   1063
16 114   1064
16 115   1065
16 116   1066
16 117   1067
16 118   1068
16 119   1069
16 120   1070
16 121   1071
16 122   1072
16 123   1073
16 124   1074
16 125   1075
16 126   1076
16 127   1077
16 128   1078
16 129   1079
16 130   1080
17 0   1081
17 1   1082
17 2   1083
17 3   1084
17 4   1085
17 5   1086
17 6   1087
17 7   1088
17 8   1089
17 9   1090
17 10   1091
17 11   1092
17 12   1093
17 13   1094
17 14   1095
17 15   1096
17 16   1097
17 17   1098
17 18   1099
17 19   1100
17 20   1101
17 21   1102
17 22   1103
17 23   1104
17 24   1105
17 25   1106
17 26   1107
17 27   1108
17 28   1109
17 29   1110
17 30   1111
17 31   1112
17 32   1113
17 33   1114
17 34   1115
17 35   1116
17 36   1117
17 37   1118
17 38   1119
17 39   1120
17 40   1121
17 41   1122
17 42   1123
17 43   1124
17 44   1125
17 45   1126
17 46   1127
17 47   1128
17 48   1129
17 49   1130
17 50   1131
17 51   1132
17 52   1133
17 53   1134
17 54   1135
17 55   1136
17 56   1137
17 57   1138
17 58   1139
17 59   1140
17 60   1141
17 61   1142
17 62   1143
17 63   1144
17 64   1145
17 65   1146
17 66   1147
17 67   1148
17 68   1149
17 69   1150
17 70   1151
18 0   1152
18 1   1153
18 2   1154
18 3   1155
18 4   1156
18 5   1157
18 6   1158
18 7   1159
18 8   1160
18 9   1161
18 10   1162
18 11   1163
18 12   1164
18 13   1165
18 14   1166
18 15   1167
18 16   1168
18 17   1169
18 18   1170
18 19   1171
18 20   1172
18 21   1173
18 22   1174
18 23   1175
18 24   1176
18 25   1177
18 26   1178
18 27   1179
18 28   1180
18 29   1181
18 30   1182
18 31   1183
18 32   1184
18 33   1185
18 34   1186
18 35   1187
18 36   1188
18 37   1189
18 38   1190
18 39   1191
18 40   1192
18 41   1193
18 42   1194
18 43   1195
18 44   1196
18 45   1197
18 46   1198
18 47   1199
18 48   1200
18 49   1201
18 50   1202
18 51   1203
18 52   1204
18 53   1205
18 54   1206
18 55   1207
18 56   1208
18 57   1209
19 0   1210
19 1   1211
19 2   1212
19 3   1213
19 4   1214
19 5   1215
19 6   1216
19 7   1217
19 8   1218
19 9   1219
19 10   1220
19 11   1221
19 12   1222
19 13   1223
19 14   1224
19 15   1225
19 16   1226
19 17   1227
19 18   1228
19 19   1229
19 20   1230
19 21   1231
19 22   1232
19 23   1233
19 24   1234
19 25   1235
19 26   1236
19 27   1237
19 28   1238
19 29   1239
19 30   1240
19 31   1241
19 32   1242
19 33   1243
19 34   1244
19 35   1245
19 36   1246
19 37   1247
19 38   1248
19 39   1249
19 40   1250
19 41   1251
19 42   1252
19 43   1253
19 44   1254
19 45   1255
19 46   1256
19 47   1257
19 48   1258
19 49   1259
19 50   1260
19 51   1261
19 52   1262
19 53   1263
19 54   1264
19 55   1265
19 56   1266
19 57   1267
19 58   1268
19 59   1269
20 0   1270
20 1   1271
20 2   1272
20 3   1273
20 4   1274
20 5   1275
20 6   1276
20 7   1277
20 8   1278
20 9   1279
20 10   1280
20 15   1281
20 16   1282
20 17   1283
20 18   1284
20 19   1285
20 20   1286
20 21   1287
20 22   1288
20 23   1289
20 24   1290
20 25   1291
20 26   1292
20 27   1293
20 30   1294
20 31   1295
20 32   1296
20 33   1297
20 34   1298
20 35   1299
20 36   1300
20 37   1301
20 38   1302
20 39   1303
20 40   1304
20 45   1305
20 46   1306
20 47   1307
20 48   1308
20 49   1309
20 50   1310
20 51   1311
20 52   1312
20 53   1313
20 54   1314
20 55   1315
20 56   1316
20 57   1317
20 58   1318
20 59   1319
20 60   1320
20 61   1321
20 62   1322
20 63   1323
20 64   1324
20 65   1325
20 66   1326
20 67   1327
20 68   1328
20 69   1329
20 70   1330
20 71   1331
20 72   1332
20 73   1333
20 74   1334
20 75   1335
20 76   1336
20 77   1337
20 78   1338
20 79   1339
20 80   1340
20 81   1341
20 82   1342
20 83   1343
20 84   1344
20 87   1345
20 88   1346
20 89   1347
20 90   1348
20 91   1349
20 92   1350
20 93   1351
20 94   1352
20 95   1353
20 96   1354
20 97   1355
20 98   1356
20 99   1357
20 100   1358
20 101   1359
20 102   1360
20 103   1361
20 104   1362
20 105   1363
20 106   1364
20 107   1365
20 108   1366
20 109   1367
20 110   1368
20 111   1369
20 112   1370
20 113   1371
20 114   1372
20 115   1373
20 116   1374
20 117   1375
20 118   1376
20 119   1377
20 120   1378
20 121   1379
20 122   1380
20 123   1381
20 124   1382
20 125   1383
20 126   1384
20 127   1385
20 128   1386
20 129   1387
20 130   1388
20 131   1389
20 132   1390
20 133   1391
20 134   1392
20 135   1393
20 136   1394
20 137   1395
20 138   1396
20 139   1397
20 140   1398
20 141   1399
20 142   1400
20 143   1401
20 144   1402
20 145   1403
20 146   1404
20 147   1405
20 148   1406
20 149   1407
20 150   1408
20 151   1409
20 152   1410
20 153   1411
20 154   1412
20 155   1413
20 156   1414
20 157   1415
20 158   1416
20 159   1417
20 160   1418
20 161   1419
20 162   1420
20 163   1421
20 164   1422
20 165   1423
20 166   1424
20 167   1425
20 168   1426
20 169   1427
20 170   1428
20 171   1429
20 172   1430
20 173   1431
20 174   1432
20 175   1433
20 176   1434
20 177   1435
20 178   1436
20 179   1437
20 180   1438
20 181   1439
20 182   1440
20 183   1441
20 184   1442
20 185   1443
20 186   1444
20 187   1445
20 188   1446
20 189   1447
20 190   1448
20 191   1449
20 192   1450
20 193   1451
20 194   1452
20 195   1453
20 196   1454
20 197   1455
20 198   1456
20 199   1457
20 200   1458
20 201   1459
20 202   1460
20 203   1461
20 205   1462
20 206   1463
20 208   1464
20 209   1465
20 210   1466
20 211   1467
20 212   1468
20 213   1469
20 214   1470
20 215   1471
20 216   1472
20 217   1473
20 218   1474
20 219   1475
20 220   1476
20 221   1477
20 222   1478
20 223   1479
20 224   1480
20 225   1481
20 226   1482
20 227   1483
20 228   1484
20 229   1485
20 230   1486
20 231   1487
20 232   1488
20 233   1489
20 234   1490
20 235   1491
20 236   1492
20 237   1493
20 238   1494
20 239   1495
20 240   1496
20 241   1497
20 242   1498
20 243   1499
20 244   1500
20 245   1501
20 246   1502
20 247   1503
20 248   1504
20 249   1505
20 250   1506
20 251   1507
20 252   1508
20 253   1509
20 254   1510
20 255   1511
21 0   1512
21 1   1513
21 2   1514
21 3   1515
21 4   1516
21 5   1517
21 6   1518
21 7   1519
21 8   1520
21 9   1521
21 10   1522
21 11   1523
21 12   1524
21 13   1525
21 14   1526
21 15   1527
21 16   1528
21 17   1529
21 18   1530
21 19   1531
21 20   1532
21 21   1533
21 22   1534
21 23   1535
21 24   1536
21 25   1537
21 26   1538
21 27   1539
21 28   1540
21 29   1541
21 30   1542
21 31   1543
21 32   1544
21 33   1545
21 34   1546
21 35   1547
21 36   1548
21 37   1549
21 38   1550
21 39   1551
21 40   1552
21 41   1553
21 42   1554
21 43   1555
21 44   1556
21 45   1557
21 46   1558
21 47   1559
21 48   1560
21 49   1561
21 50   1562
21 51   1563
21 52   1564
21 53   1565
21 54   1566
21 55   1567
21 56   1568
21 57   1569
21 58   1570
21 59   1571
21 60   1572
21 61   1573
21 62   1574
21 63   1575
21 64   1576
21 65   1577
21 66   1578
21 67   1579
21 68   1580
21 69   1581
21 70   1582
21 71   1583
21 72   1584
21 73   1585
21 74   1586
21 75   1587
21 76   1588
21 77   1589
21 78   1590
21 79   1591
21 80   1592
21 81   1593
21 82   1594
21 83   1595
21 84   1596
21 85   1597
21 86   1598
21 87   1599
21 88   1600
21 89   1601
21 90   1602
21 91   1603
21 92   1604
21 93   1605
21 94   1606
21 95   1607
21 96   1608
21 97   1609
21 98   1610
21 99   1611
21 100   1612
21 101   1613
21 102   1614
21 103   1615
21 104   1616
21 105   1617
21 106   1618
21 107   1619
21 108   1620
21 109   1621
21 110   1622
21 111   1623
22 0   1624
22 1   1625
22 2   1626
22 3   1627
22 4   1628
22 5   1629
22 6   1630
22 7   1631
22 8   1632
22 9   1633
22 10   1634
22 11   1635
22 12   1636
22 13   1637
22 14   1638
22 15   1639
22 16   1640
22 17   1641
22 18   1642
22 19   1643
22 20   1644
22 21   1645
22 22   1646
22 23   1647
22 24   1648
22 25   1649
22 26   1650
22 27   1651
22 28   1652
22 29   1653
22 30   1654
22 31   1655
22 32   1656
22 33   1657
22 34   1658
22 35   1659
22 36   1660
22 37   1661
22 38   1662
22 39   1663
22 40   1664
22 41   1665
22 42   1666
22 43   1667
22 44   1668
22 45   1669
22 46   1670
22 47   1671
22 48   1672
22 49   1673
22 50   1674
22 51   1675
22 52   1676
22 53   1677
22 54   1678
22 55   1679
22 56   1680
22 57   1681
22 58   1682
22 59   1683
22 60   1684
22 61   1685
22 62   1686
22 63   1687
22 64   1688
22 65   1689
22 66   1690
22 67   1691
22 68   1692
22 69   1693
22 70   1694
22 71   1695
22 72   1696
22 73   1697
22 74   1698
22 75   1699
23 0   1700
23 1   1701
23 2   1702
23 3   1703
23 4   1704
23 5   1705
23 6   1706
23 7   1707
23 8   1708
23 9   1709
23 10   1710
23 11   1711
23 12   1712
23 13   1713
23 14   1714
23 15   1715
23 16   1716
23 17   1717
23 18   1718
23 19   1719
23 20   1720
23 21   1721
23 22   1722
23 23   1723
23 24   1724
23 25   1725
23 26   1726
23 27   1727
23 28   1728
23 29   1729
23 30   1730
23 31   1731
23 32   1732
23 33   1733
24 0   1734
24 1   1735
24 2   1736
24 3   1737
24 4   1738
24 5   1739
24 6   1740
24 7   1741
24 8   1742
24 9   1743
24 10   1744
24 11   1745
24 12   1746
24 13   1747
26 0   1748
26 1   1749
26 2   1750
26 3   1751
26 4   1752
26 5   1753
26 6   1754
26 7   1755
26 8   1756
26 9   1757
26 10   1758
26 11   1759
26 12   1760
26 13   1761
26 14   1762
26 15   1763
26 16   1764
26 17   1765
26 18   1766
26 19   1767
26 20   1768
26 21   1769
26 22   1770
27 1   1771
27 2   4393
28 0   1772
28 1   1773
28 2   1774
28 3   1775
28 4   1776
28 5   1777
28 6   1778
28 7   1779
28 8   1780
28 9   1781
28 10   1782
28 11   1783
28 12   1784
28 13   1785
28 14   1786
28 15   1787
28 16   1788
28 17   1789
28 18   1790
28 19   1791
28 20   1792
28 21   1793
28 22   1794
28 23   1795
28 24   1796
28 26   1797
28 27   1798
28 28   1799
28 29   1800
28 30   1801
28 31   1802
28 32   1803
28 34   1804
28 35   1805
28 36   1806
28 37   1807
28 38   1808
28 39   1809
28 40   1810
28 42   1811
28 43   1812
28 44   1813
28 45   1814
28 46   1815
28 47   1816
28 48   1817
28 50   1818
28 51   1819
28 52   1820
28 53   1821
28 54   1822
28 55   1823
28 56   1824
28 57   1825
28 58   1826
28 59   1827
28 60   1828
28 61   1829
28 62   1830
28 63   1831
28 64   1832
28 65   1833
28 66   1834
28 67   1835
28 68   1836
28 69   1837
28 70   1838
28 71   1839
28 72   1840
28 73   1841
28 74   1842
28 75   1843
28 76   1844
28 77   1845
28 78   1846
28 79   1847
28 80   1848
28 81   1849
28 82   1850
28 83   1851
28 84   1852
28 85   1853
28 86   1854
28 87   1855
28 88   1856
28 89   1857
28 90   1858
28 91   1859
28 92   1860
28 93   1861
28 94   1862
28 95   1863
28 96   1864
28 97   1865
28 98   1866
28 99   1867
28 100   1868
28 101   1869
28 102   1870
28 103   1871
28 104   1872
28 105   1873
28 106   1874
28 107   1875
28 108   1876
28 109   1877
28 110   1878
28 111   1879
28 112   1880
28 113   1881
28 114   1882
28 115   1883
28 116   1884
28 117   1885
28 118   1886
28 119   1887
28 120   1888
28 121   1889
28 122   1890
28 123   1891
28 124   1892
28 125   1893
28 126   1894
28 127   1895
28 128   1896
28 129   1897
28 130   1898
28 131   1899
28 132   1900
28 133   1901
28 134   1902
28 135   1903
28 136   1904
28 137   1905
28 138   1906
28 139   1907
28 140   1908
28 141   1909
28 142   1910
28 143   1911
28 144   1912
28 145   1913
28 146   1914
28 147   1915
28 148   1916
28 149   1917
28 150   1918
28 151   1919
28 152   1920
28 153   1921
29 0   1922
29 1   1923
29 2   1924
29 3   1925
29 4   1926
29 5   1927
29 6   1928
29 7   1929
29 8   1930
29 9   1931
29 10   1932
29 11   1933
29 12   1934
29 13   1935
29 14   1936
29 15   1937
29 16   1938
29 17   1939
29 18   1940
30 0   1941
30 1   1942
30 11   1943
30 12   1944
30 13   1945
30 14   1946
31 0   1947
31 2   1948
31 4   1949
31 5   1950
31 6   1951
31 7   1952
31 8   1953
31 9   1954
31 10   1955
31 11   1956
31 12   1957
31 13   1958
31 15   1959
31 17   1960
31 18   1961
31 19   1962
31 20   1963
31 21   1964
31 22   1965
31 23   1966
31 24   1967
31 25   1968
31 26   1969
31 27   1970
31 28   1971
31 29   1972
31 30   1973
31 31   1974
31 32   1975
31 33   1976
31 34   1977
31 35   1978
32 0   1979
32 1   1980
32 2   1981
32 3   1982
32 4   1983
32 5   1984
32 6   1985
32 7   1986
32 8   1987
32 9   1988
32 10   1989
32 11   1990
32 12   1991
32 13   1992
32 14   1993
32 15   1994
32 16   1995
33 0   1996
33 1   1997
33 2   1998
33 3   1999
33 4   2000
33 5   2001
33 6   2002
33 7   2003
33 8   2004
33 9   2005
33 10   2006
33 11   2007
33 12   2008
33 13   2009
33 14   2010
33 15   2011
34 1   2012
34 2   2013
34 3   2014
34 4   2015
34 5   2016
34 6   2017
34 7   2018
34 8   2019
34 9   2020
34 10   2021
34 11   2022
34 12   2023
34 13   2024
35 0   2025
35 1   2026
35 2   2027
35 3   2028
35 4   2029
35 5   2030
35 6   2031
35 7   2032
35 8   2033
35 9   2034
35 10   2035
35 11   2036
35 12   2037
35 13   2038
35 14   2039
35 15   2040
35 16   2041
35 17   2042
35 18   2043
35 19   2044
35 20   2045
35 21   2046
35 22   2047
35 23   2048
35 24   2049
35 25   2050
35 26   2051
35 27   2052
35 28   2053
35 29   2054
35 30   2055
35 31   2056
35 32   2057
35 33   2058
35 34   2059
35 35   2060
35 36   2061
35 37   2062
35 38   2063
35 39   2064
35 40   2065
35 41   2066
35 42   2067
35 43   2068
35 44   2069
35 45   2070
35 46   2071
35 47   2072
35 48   2073
35 49   2074
35 50   2075
35 51   2076
35 52   2077
35 53   2078
35 54   2079
35 55   2080
35 56   2081
35 57   2082
35 58   2083
35 59   2084
35 60   2085
35 61   2086
35 62   2087
35 63   2088
35 64   2089
35 65   2090
35 66   2091
35 67   2092
35 68   2093
35 69   2094
35 70   2095
35 71   2096
35 72   2097
35 73   2098
35 74   2099
35 75   2100
35 76   2101
35 77   2102
35 78   2103
35 79   2104
35 80   2105
35 81   2106
35 82   2107
36 0   2108
36 1   2109
36 2   2110
36 3   2111
36 4   2112
36 5   2113
36 6   2114
36 7   2115
36 8   2116
36 9   2117
37 0   2118
37 1   2119
37 2   2120
37 3   2121
37 4   2122
37 5   2123
37 6   2124
37 7   2125
37 8   2126
37 9   2127
37 10   2128
37 11   2129
37 12   2130
37 13   2131
37 14   2132
37 15   2133
37 16   2134
37 17   2135
37 18   2136
38 0   2137
38 1   2138
38 2   2139
38 3   2140
38 4   2141
38 5   2142
38 6   2143
38 7   2144
38 8   2145
38 9   2146
38 10   2147
38 11   2148
38 12   2149
38 13   2150
38 14   2151
39 2   2152
39 3   2153
39 4   2154
39 5   2155
39 6   2156
39 7   2157
39 8   2158
39 9   2159
39 10   2160
39 11   2161
39 12   2162
39 13   2163
39 14   2164
39 15   2165
39 16   2166
39 18   2167
39 20   2168
39 22   2169
39 24   2170
39 25   2171
39 26   2172
39 27   2173
39 28   2174
39 29   2175
39 30   2176
39 31   2177
39 32   2178
39 33   2179
39 34   2180
39 35   2181
39 36   2182
39 37   2183
39 38   2184
39 39   2185
39 40   2186
39 41   2187
39 42   2188
39 43   2189
39 44   2190
39 45   2191
39 46   2192
39 47   2193
39 48   2194
39 49   2195
39 50   2196
39 51   2197
39 52   2198
39 53   2199
39 54   2200
39 55   2201
39 56   2202
39 57   2203
39 58   2204
39 59   2205
39 60   2206
39 61   2207
39 62   2208
39 63   2209
39 64   2210
39 65   2211
39 66   2212
39 67   2213
39 68   2214
39 69   2215
39 70   2216
39 71   2217
39 72   2218
39 73   2219
39 74   2220
39 75   2221
39 76   2222
39 77   2223
39 78   2224
39 79   2225
39 80   2226
39 81   2227
39 82   2228
39 83   2229
39 84   2230
39 85   2231
39 86   2232
39 87   2233
39 88   2234
39 89   2235
39 90   2236
39 91   2237
39 92   2238
39 93   2239
39 94   2240
39 95   2241
39 97   2242
39 98   2243
39 99   2244
39 100   2245
39 101   2246
39 102   2247
39 103   2248
39 104   2249
39 105   2250
39 106   2251
39 107   2252
39 109   2253
39 110   2254
39 111   2255
39 112   2256
39 113   2257
39 114   2258
39 115   2259
39 116   2260
39 117   2261
39 118   2262
39 120   2263
39 121   2264
39 123   2265
39 124   2266
39 125   2267
39 126   2268
39 127   2269
39 128   2270
39 129   2271
39 130   2272
39 131   2273
39 132   2274
39 133   2275
39 134   2276
39 135   2277
39 136   2278
39 137   2279
39 138   2280
39 139   2281
39 140   2282
39 141   2283
39 142   2284
39 143   2285
39 144   2286
39 145   2287
39 146   2288
39 147   2289
39 148   2290
39 149   2291
39 150   2292
39 151   2293
39 152   2294
39 153   2295
39 154   2296
39 155   2297
39 156   2298
39 157   2299
39 158   2300
39 159   2301
40 0   2302
40 1   2303
40 2   2304
40 3   2305
40 4   2306
40 5   2307
40 6   2308
40 7   2309
40 8   2310
40 9   2311
40 10   2312
40 11   2313
40 17   2314
40 18   2315
40 19   2316
40 20   2317
40 21   2318
40 22   2319
40 23   2320
40 24   2321
40 25   2322
40 26   2323
40 27   2324
40 28   2325
40 29   2326
40 30   2327
40 31   2328
40 32   2329
40 33   2330
40 34   2331
40 35   2332
40 36   2333
40 37   2334
40 38   2335
40 39   2336
40 40   2337
40 41   2338
40 42   2339
40 43   2340
40 44   2341
40 45   2342
40 46   2343
40 47   2344
40 48   2345
40 49   2346
40 50   2347
40 51   2348
40 52   2349
40 53   2350
40 54   2351
40 55   2352
40 56   2353
41 0   2354
41 1   2355
41 2   2356
41 3   2357
41 4   2358
41 5   2359
41 6   2360
41 7   2361
41 8   2362
41 9   2363
41 10   2364
41 11   2365
41 12   2366
41 13   2367
41 14   2368
41 15   2369
41 16   2370
41 17   2371
41 18   2372
41 19   2373
41 20   2374
41 21   2375
41 22   2376
41 23   2377
41 24   2378
41 25   2379
41 26   2380
41 27   2381
41 28   2382
41 29   2383
41 30   2384
41 31   2385
41 32   2386
41 33   2387
41 34   2388
41 35   2389
41 36   2390
41 37   2391
41 38   2392
41 39   2393
41 40   2394
41 41   2395
41 42   2396
41 43   2397
41 44   2398
41 45   2399
41 46   2400
41 47   2401
41 48   2402
41 49   2403
41 50   2404
41 51   2405
41 52   2406
41 53   2407
41 54   2408
41 55   2409
41 56   2410
41 57   2411
41 58   2412
41 59   2413
41 60   2414
41 61   2415
41 62   2416
41 63   2417
41 64   2418
41 65   2419
41 66   2420
41 67   2421
41 68   2422
41 69   2423
41 70   2424
41 71   2425
41 72   2426
42 0   2427
42 1   2428
42 2   2429
42 3   2430
42 4   2431
42 5   2432
42 6   2433
42 7   2434
42 8   2435
42 9   2436
42 10   2437
42 11   2438
42 12   2439
42 13   2440
42 14   2441
42 15   2442
42 16   2443
42 17   2444
42 18   2445
42 19   2446
42 20   2447
42 21   2448
42 22   2449
42 23   2450
42 24   2451
42 25   2452
42 28   2453
42 29   2454
42 31   2455
42 32   2456
42 33   2457
42 34   2458
42 35   2459
42 36   2460
42 37   2461
42 38   2462
42 39   2463
42 40   2464
42 41   2465
42 42   2466
42 43   2467
42 44   2468
43 0   2469
43 1   2470
43 2   2471
43 3   2472
43 4   2473
43 5   2474
43 6   2475
43 7   2476
43 8   2477
43 9   2478
43 10   2479
43 11   2480
43 12   2481
43 13   2482
43 14   2483
43 15   2484
43 16   2485
43 17   2486
44 0   2487
44 1   2488
44 2   2489
44 3   2490
44 4   2491
44 5   2492
44 6   2493
44 7   2494
44 8   2495
44 9   2496
44 10   2497
44 11   2498
44 12   2499
44 13   2500
44 14   2501
44 15   2502
44 16   2503
44 17   2504
44 18   2505
44 19   2506
44 20   2507
44 21   2508
44 22   2509
44 23   2510
44 24   2511
44 25   2512
44 26   2513
44 27   2514
44 28   2515
44 29   2516
44 30   2517
44 31   2518
45 0   2519
45 2   2520
45 3   2521
45 4   2522
45 5   2523
45 6   2524
45 7   2525
45 8   2526
45 9   2527
45 10   2528
45 11   2529
45 12   2530
45 13   2531
45 14   2532
45 15   2533
45 16   2534
46 0   2535
46 1   2536
46 2   2537
46 3   2538
46 4   2539
46 5   2540
46 6   2541
46 7   2542
47 0   2543
47 1   2544
47 2   2545
47 3   2546
47 4   2547
47 5   2548
47 6   2549
47 7   2550
47 8   2551
47 9   2552
47 10   2553
47 11   2554
47 12   2555
47 13   2556
47 14   2557
47 15   2558
47 16   2559
47 17   2560
47 18   2561
47 19   2562
47 20   2563
47 21   2564
47 22   2565
47 23   2566
47 24   2567
47 25   2568
47 26   2569
47 27   2570
47 28   2571
48 0   2572
48 1   2573
48 2   2574
48 3   2575
48 4   2576
48 5   2577
48 6   2578
48 7   2579
48 8   2580
48 9   2581
48 10   2582
48 11   2583
48 12   2584
48 13   2585
48 14   2586
48 15   2587
48 16   2588
48 17   2589
48 18   2590
48 19   2591
48 20   2592
48 21   2593
48 22   2594
48 23   2595
49 0   2596
49 1   2597
49 2   2598
49 3   2599
49 4   2600
49 5   2601
49 6   2602
49 7   2603
49 8   2604
49 9   2605
49 10   2606
49 11   2607
49 12   2608
49 13   2609
49 14   2610
49 15   2611
49 16   2612
49 17   2613
49 18   2614
49 19   2615
49 20   2616
49 21   2617
49 22   2618
49 23   2619
49 24   2620
49 25   2621
49 26   2622
49 27   2623
49 28   2624
49 29   2625
49 30   2626
49 31   2627
49 32   2628
49 33   2629
49 34   2630
49 35   2631
49 36   2632
49 37   2633
49 38   2634
49 39   2635
49 40   2636
49 41   2637
49 42   2638
49 43   2639
49 44   2640
49 45   2641
49 46   2642
49 47   2643
49 48   2644
49 49   2645
49 50   2646
49 51   2647
49 52   2648
49 53   2649
49 54   2650
49 55   2651
49 56   2652
49 57   2653
49 58   2654
49 59   2655
49 60   2656
49 61   2657
49 62   2658
49 63   2659
49 64   2660
49 65   2661
49 66   2662
49 67   2663
49 68   2664
49 69   2665
49 70   2666
49 71   2667
49 72   2668
49 73   2669
49 74   2670
49 75   2671
49 76   2672
49 77   2673
49 78   2674
49 79   2675
49 80   2676
49 81   2677
49 82   2678
49 83   2679
49 84   2680
49 85   2681
49 86   2682
49 87   2683
49 88   2684
49 89   2685
49 90   2686
49 91   2687
49 92   2688
49 93   2689
49 94   2690
49 95   2691
49 96   2692
50 0   2693
50 1   2694
50 2   2695
50 3   2696
50 4   2697
50 5   2698
50 6   2699
50 7   2700
50 8   2701
50 9   2702
50 10   2703
50 11   2704
50 12   2705
50 13   2706
50 14   2707
50 15   2708
50 16   2709
50 17   2710
50 18   2711
50 19   2712
50 20   2713
50 21   2714
50 22   2715
50 23   2716
50 24   2717
50 25   2718
50 26   2719
50 27   2720
50 28   2721
50 29   2722
50 30   2723
50 31   2724
50 32   2725
50 33   2726
50 34   2727
50 35   2728
50 36   2729
50 37   2730
50 38   2731
50 39   2732
50 40   2733
50 41   2734
50 42   2735
50 43   2736
50 44   2737
50 45   2738
50 46   2739
50 47   2740
50 48   2741
50 49   2742
50 50   2743
50 51   2744
50 52   2745
50 53   2746
50 54   2747
50 55   2748
50 56   2749
50 57   2750
50 58   2751
50 59   2752
50 60   2753
50 61   2754
50 62   2755
50 63   2756
50 64   2757
50 65   2758
50 66   2759
50 67   2760
50 68   2761
50 69   2762
50 70   2763
50 71   2764
50 72   2765
50 73   2766
50 74   2767
50 75   2768
50 76   2769
50 77   2770
50 78   2771
51 0   2772
51 1   2773
51 2   2774
52 0   2775
52 1   2776
52 2   2777
52 3   2778
52 4   2779
52 5   2780
52 6   2781
52 7   2782
52 8   2783
52 9   2784
52 10   2785
52 11   2786
52 12   2787
52 13   2788
52 14   2789
52 15   2790
52 16   2791
52 17   2792
52 18   2793
52 19   2794
52 20   2795
52 21   2796
52 22   2797
52 23   2798
52 24   2799
52 25   2800
52 26   2801
52 27   2802
52 28   2803
52 29   2804
52 30   2805
52 31   2806
52 32   2807
52 33   2808
52 34   2809
52 35   2810
52 36   2811
52 37   2812
60 0   2813
60 1   2814
60 2   2815
60 3   2816
60 4   2817
60 5   2818
60 6   2819
60 7   2820
60 8   2821
60 9   2822
60 10   2823
60 11   2824
60 12   2825
60 13   2826
60 14   2827
60 15   2828
60 16   2829
60 17   2830
60 18   2831
60 19   2832
60 20   2833
60 21   2834
60 22   2835
60 23   2836
60 50   2837
60 51   2838
60 52   2839
60 53   2840
60 54   2841
60 55   2842
60 56   2843
60 57   2844
60 58   2845
60 59   2846
60 60   2847
60 80   2848
60 81   2849
60 82   2850
60 83   2851
60 84   2852
61 1   2853
61 2   2854
61 4   2855
61 7   2856
61 10   2857
61 11   2858
61 12   2859
61 13   2860
61 14   2861
61 15   2862
61 16   2863
61 17   2864
61 20   2865
61 21   2866
61 22   2867
61 23   2868
61 24   2869
61 25   2870
61 26   2871
61 27   2872
62 0   2873
62 1   2874
62 2   2875
62 3   2876
62 4   2877
62 5   2878
62 6   2879
62 7   2880
62 8   2881
62 9   2882
62 10   2883
62 11   2884
62 16   2885
62 18   2886
62 19   2887
62 20   2888
62 21   2889
62 22   2890
62 23   2891
62 24   2892
62 25   2893
62 26   2894
62 27   2895
62 28   2896
62 29   2897
62 30   2898
62 31   2899
62 32   2900
62 33   2901
62 34   2902
62 35   2903
62 36   2904
63 0   2905
64 3   2906
65 0   2907
65 1   2908
65 2   2909
65 3   2910
65 4   2911
65 5   2912
65 6   2913
65 7   2914
65 8   2915
65 9   2916
65 10   2917
65 11   2918
65 12   2919
65 13   2920
65 14   2921
65 15   2922
65 16   2923
65 17   2924
65 18   2925
65 19   2926
65 20   2927
65 21   2928
65 22   2929
65 23   2930
65 24   2931
65 25   2932
65 26   2933
65 27   2934
65 28   2935
65 29   2936
65 30   2937
65 31   2938
65 32   2939
65 33   2940
65 34   2941
65 35   2942
65 36   2943
65 37   2944
65 38   2945
65 39   2946
65 40   2947
66 1   2948
66 3   2949
66 4   2950
66 7   2951
66 8   2952
66 9   2953
66 10   2954
66 11   2955
66 12   2956
66 13   2957
66 14   2958
66 15   2959
66 16   2960
66 17   2961
66 18   2962
66 19   2963
66 20   2964
66 21   2965
66 22   2966
67 0   2967
67 1   2968
67 2   2969
67 3   2970
67 4   2971
67 5   2972
67 6   2973
68 0   2974
68 1   2975
68 2   2976
68 3   2977
68 4   2978
68 5   2979
68 6   2980
71 0   2981
71 1   2982
71 2   2983
71 3   2984
71 4   2985
71 5   2986
71 6   2987
71 7   2988
73 0   2989
73 1   2990
73 2   2991
73 3   2992
73 4   2993
73 5   2994
73 6   2995
73 7   2996
73 8   2997
73 9   2998
73 10   2999
73 11   3000
73 12   3001
73 13   3002
74 0   3003
75 0   3004
75 1   3005
75 2   3006
75 3   3007
75 4   3008
75 5   3009
75 6   3010
75 7   3011
75 8   3012
75 9   3013
75 10   3014
75 11   3015
75 12   3016
75 13   3017
75 14   3018
75 15   3019
75 16   3020
75 17   3021
75 18   3022
75 19   3023
75 20   3024
75 21   3025
76 0   3026
76 1   3027
76 2   3028
76 3   3029
76 4   3030
76 5   3031
76 6   3032
76 7   3033
76 8   3034
76 9   3035
76 10   3036
76 11   3037
76 12   3038
76 13   3039
76 14   3040
76 15   3041
76 16   3042
76 17   3043
76 18   3044
77 0   3045
77 1   3046
77 2   3047
77 3   3048
77 4   3049
77 5   3050
77 6   3051
77 7   3052
77 8   3053
77 9   3054
77 10   3055
77 11   3056
77 12   3057
77 13   3058
77 14   3059
77 15   3060
77 16   3061
77 17   3062
77 18   3063
77 19   3064
77 20   3065
77 21   3066
77 22   3067
77 23   3068
77 24   3069
77 25   3070
77 26   3071
77 27   3072
77 28   3073
77 29   3074
77 30   3075
77 31   3076
77 32   3077
77 33   3078
77 34   3079
77 35   3080
77 36   3081
77 37   3082
77 38   3083
77 39   3084
77 40   3085
77 41   3086
77 42   3087
77 43   3088
77 44   3089
77 45   3090
77 46   3091
77 47   3092
77 48   3093
77 49   3094
77 50   3095
77 51   3096
77 52   3097
77 53   3098
77 54   3099
77 55   3100
77 56   3101
77 57   3102
77 58   3103
78 0   3104
78 1   3105
78 2   3106
78 3   3107
78 4   3108
78 5   3109
78 6   3110
78 7   3111
78 8   3112
78 9   3113
78 10   3114
78 11   3115
78 12   3116
78 13   3117
78 14   3118
78 15   3119
78 16   3120
78 17   3121
78 18   3122
78 19   3123
78 20   3124
78 21   3125
78 22   3126
78 23   3127
78 24   3128
78 25   3129
78 26   3130
78 27   3131
78 28   3132
78 29   3133
78 30   3134
78 31   3135
78 32   3136
78 33   3137
78 34   3138
78 35   3139
78 36   3140
78 37   3141
78 38   3142
78 39   3143
78 40   3144
78 41   3145
78 42   3146
79 0   3147
79 1   3148
79 2   3149
79 3   3150
79 4   3151
79 5   3152
79 6   3153
79 7   3154
79 8   3155
79 9   3156
79 10   3157
79 11   3158
79 12   3159
79 13   3160
79 14   3161
79 15   3162
79 16   3163
79 17   3164
79 18   3165
79 19   3166
79 20   3167
79 21   3168
79 22   3169
79 23   3170
79 24   3171
79 25   3172
79 26   3173
79 27   3174
79 28   3175
79 29   3176
79 30   3177
79 31   3178
79 32   3179
79 33   3180
79 34   3181
79 35   3182
79 36   3183
79 37   3184
79 38   3185
79 39   3186
79 40   3187
79 41   3188
79 42   3189
79 43   3190
79 44   3191
79 45   3192
79 46   3193
79 47   3194
79 48   3195
79 49   3196
79 50   3197
79 51   3198
79 52   3199
79 53   3200
79 54   3201
79 55   3202
79 56   3203
80 0   3204
80 1   3205
80 2   3206
80 3   3207
80 4   3208
80 5   3209
80 6   3210
80 7   3211
80 8   3212
80 9   3213
80 10   3214
80 11   3215
80 12   3216
80 13   3217
80 14   3218
80 15   3219
80 16   3220
80 17   3221
80 18   3222
80 19   3223
80 20   3224
80 21   3225
80 22   3226
80 23   3227
80 24   3228
80 25   3229
80 26   3230
80 27   3231
80 28   3232
80 29   3233
80 30   3234
80 31   3235
80 32   3236
80 33   3237
80 34   3238
80 35   3239
80 36   3240
80 37   3241
80 38   3242
80 39   3243
80 40   3244
81 0   3245
81 1   3246
81 2   3247
81 3   3248
81 4   3249
81 5   3250
81 6   3251
81 7   3252
81 8   3253
81 9   3254
81 10   3255
81 11   3256
81 12   3257
81 13   3258
81 14   3259
81 15   3260
81 16   3261
81 17   3262
81 18   3263
90 0   3264
90 1   3265
90 2   3266
90 3   3267
90 4   3268
90 5   3269
90 6   3270
90 7   3271
90 8   3272
90 9   3273
90 10   3274
90 11   3275
90 12   3276
90 13   3277
90 14   3278
90 15   3279
90 16   3280
90 17   3281
90 18   3282
90 19   3283
90 20   3284
90 21   3285
90 22   3286
90 23   3287
90 24   3288
90 25   3289
90 26   3290
90 27   3291
90 28   3292
90 29   3293
90 30   3294
90 31   3295
90 32   3296
90 33   3297
90 34   3298
90 35   3299
90 36   3300
90 37   3301
90 38   3302
90 39   3303
90 40   3304
90 41   3305
90 42   3306
90 43   3307
90 44   3308
90 45   3309
90 46   3310
90 47   3311
90 48   3312
90 49   3313
90 50   3314
90 51   3315
90 52   3316
90 53   3317
90 54   3318
90 55   3319
90 56   3320
90 57   3321
90 58   3322
90 59   3323
90 60   3324
90 61   3325
90 62   3326
90 63   3327
90 64   3328
90 65   3329
90 66   3330
90 67   3331
90 68   3332
90 69   3333
90 70   3334
90 71   3335
90 72   3336
90 73   3337
90 74   3338
90 75   3339
90 76   3340
90 77   3341
90 78   3342
90 79   3343
90 80   3344
90 81   3345
90 82   3346
90 83   3347
90 84   3348
91 1   3349
91 2   3350
92 0   3351
92 1   3352
92 2   3353
92 3   3354
92 4   3355
92 5   3356
92 6   3357
92 7   3358
92 8   3359
92 9   3360
92 10   3361
92 11   3362
92 12   3363
92 13   3364
92 14   3365
92 15   3366
92 16   3367
92 17   3368
92 18   3369
92 19   3370
92 20   3371
92 21   3372
92 22   3373
92 23   3374
92 24   3375
92 25   3376
92 26   3377
92 27   3378
92 28   3379
92 29   3380
92 30   3381
92 31   3382
92 32   3383
92 33   3384
92 34   3385
92 35   3386
92 36   3387
92 37   3388
92 38   3389
92 39   3390
92 40   3391
92 41   3392
92 42   3393
92 43   3394
92 44   3395
92 45   3396
92 46   3397
92 47   3398
92 48   3399
92 49   3400
92 50   3401
92 51   3402
92 52   3403
92 53   3404
92 54   3405
92 55   3406
92 56   3407
92 57   3408
93 0   3409
93 1   3410
93 2   3411
93 3   3412
93 4   3413
93 5   3414
93 6   3415
93 7   3416
93 8   3417
93 9   3418
93 10   3419
93 11   3420
93 12   3421
93 13   3422
93 14   3423
93 15   3424
93 16   3425
93 17   3426
93 18   3427
93 19   3428
93 20   3429
93 21   3430
93 22   3431
93 23   3432
93 24   3433
93 25   3434
93 26   3435
93 27   3436
93 28   3437
93 29   3438
93 30   3439
93 31   3440
93 32   3441
93 33   3442
93 34   3443
93 35   3444
93 36   3445
94 0   3446
94 1   3447
94 2   3448
94 3   3449
94 4   3450
100 0   3451
100 1   3452
100 2   3453
100 3   3454
100 4   3455
101 2   3456
101 3   3457
102 0   3458
103 0   3459
103 1   3460
103 3   3461
103 4   3462
104 0   3463
105 0   3464
105 3   3465
105 5   3466
105 7   3467
105 8   3468
105 9   3469
105 10   3470
105 11   3471
105 13   3472
105 14   3473
105 15   3474
105 16   3475
105 17   3476
105 18   3477
105 19   3478
105 20   3479
105 21   3480
107 0   3481
107 1   3482
109 0   3483
109 1   3484
109 2   3485
109 3   3486
109 4   3487
109 5   3488
109 6   3489
109 7   3490
109 8   3491
109 9   3492
109 10   3493
109 11   3494
109 12   3495
109 13   3496
110 0   3497
110 1   3498
110 2   3499
110 3   3500
110 4   3501
110 5   3502
110 6   3503
110 7   3504
110 8   3505
110 9   3506
110 10   3507
110 11   3508
113 3   3509
114 0   3510
114 1   3511
114 2   3512
114 3   3513
114 4   3514
114 6   3515
114 7   3516
114 8   3517
114 9   3518
114 10   3519
114 11   3520
114 12   3521
114 13   3522
114 14   3523
114 15   3524
114 16   3525
114 17   3526
114 18   3527
114 19   3528
114 20   3529
114 21   3530
114 22   3531
114 23   3532
119 0   3533
119 1   3534
119 2   3535
119 3   3536
119 4   3537
119 5   3538
119 6   3539
119 7   3540
119 8   3541
119 9   3542
119 10   3543
119 11   3544
119 12   3545
119 13   3546
119 14   3547
119 15   3548
120 0   3549
120 1   3550
120 2   3551
120 3   3552
120 4   3553
120 6   3554
120 7   3555
120 8   3556
121 0   3557
121 1   3558
121 2   3559
121 3   3560
122 0   3561
122 1   3562
122 2   3563
122 3   3564
122 4   3565
122 5   3566
122 6   3567
122 7   3568
122 8   3569
122 9   3570
122 10   3571
123 0   3572
124 0   3573
124 1   3574
124 2   3575
124 3   3576
130 2   3577
130 7   3578
130 8   3579
130 9   3580
130 10   3581
130 13   3582
130 14   3583
131 0   3584
131 1   3585
131 2   3586
131 3   3587
131 4   3588
131 5   3589
131 6   3590
131 7   3591
131 9   3592
131 10   3593
132 0   3594
132 6   3595
132 7   3596
132 8   3597
133 0   3598
133 1   3599
134 0   3600
134 1   3601
134 2   3602
135 0   3603
135 1   3604
135 2   3605
135 3   3606
136 0   3607
159 0   3608
159 1   3609
159 2   3610
159 3   3611
159 4   3612
159 5   3613
160 0   3614
160 1   3615
160 2   3616
160 3   3617
160 4   3618
160 5   3619
160 6   3620
160 7   3621
160 8   3622
160 9   3623
160 10   3624
160 11   3625
160 17   3626
160 19   3627
160 20   3628
160 21   3629
160 22   3630
160 23   3631
160 24   3632
160 25   3633
160 26   3634
160 27   3635
160 28   3636
160 29   3637
160 30   3638
160 31   3639
160 32   3640
160 33   3641
160 34   3642
160 35   3643
160 36   3644
160 37   3645
160 38   3646
160 39   3647
160 40   3648
160 41   3649
160 42   3650
161 0   3651
161 1   3652
161 2   3653
162 0   3654
162 1   3655
162 2   3656
162 3   3657
162 4   3658
162 5   3659
162 6   3660
162 7   3661
162 8   3662
162 9   3663
162 10   3664
162 11   3665
162 12   3666
162 13   3667
162 14   3668
162 15   3669
162 16   3670
162 17   3671
162 18   3672
162 19   3673
162 20   3674
162 21   3675
162 22   3676
162 23   3677
162 24   3678
162 25   3679
162 26   3680
163 0   3681
163 1   3682
163 2   3683
163 3   3684
163 4   3685
163 5   3686
163 6   3687
163 7   3688
163 8   3689
163 9   3690
163 10   3691
163 11   3692
163 12   3693
163 13   3694
163 14   3695
163 15   3696
163 16   3697
163 17   3698
163 18   3699
163 19   3700
163 20   3701
163 21   3702
163 22   3703
163 23   3704
163 24   3705
163 25   3706
163 26   3707
163 27   3708
163 28   3709
163 29   3710
163 30   3711
163 31   3712
163 32   3713
163 33   3714
163 34   3715
163 35   3716
163 36   3717
163 37   3718
163 38   3719
163 39   3720
163 40   3721
163 41   3722
164 0   3723
164 1   3724
164 2   3725
164 3   3726
164 4   3727
164 5   3728
164 6   3729
164 7   3730
164 8   3731
164 9   3732
164 10   3733
165 0   3734
165 1   3735
165 2   3736
165 3   3737
165 4   3738
165 5   3739
165 6   3740
165 7   3741
166 0   3742
166 1   3743
166 2   3744
166 3   3745
166 4   3746
166 5   3747
166 6   3748
166 7   3749
166 8   3750
166 9   3751
166 10   3752
166 11   3753
166 12   3754
166 13   3755
166 14   3756
166 15   3757
166 16   3758
166 17   3759
166 18   3760
166 19   3761
166 20   3762
166 21   3763
166 22   3764
166 23   3765
166 24   3766
166 25   3767
166 26   3768
166 27   3769
166 28   3770
166 30   3771
166 31   3772
166 32   3773
166 33   3774
166 34   3775
166 35   3776
166 36   3777
166 37   3778
166 38   3779
166 39   3780
166 40   3781
166 41   3782
166 42   3783
166 43   3784
166 44   3785
166 45   3786
166 46   3787
166 47   3788
166 49   3789
166 50   3790
166 51   3791
166 52   3792
166 53   3793
166 55   3794
166 56   3795
166 57   3796
166 58   3797
166 59   3798
166 61   3799
166 63   3800
166 64   3801
166 65   3802
166 66   3803
166 72   3804
166 73   3805
166 74   3806
166 75   3807
166 76   3808
166 77   3809
166 78   3810
166 79   3811
166 80   3812
166 81   3813
166 82   3814
166 83   3815
166 85   3816
166 86   3817
166 87   3818
166 88   3819
166 89   3820
166 90   3821
166 91   3822
166 93   3823
166 94   3824
166 96   3825
166 97   3826
166 99   3827
166 100   3828
166 102   3829
166 103   3830
166 104   3831
166 105   3832
166 106   3833
166 107   3834
166 109   3835
166 110   3836
166 111   3837
166 112   3838
166 113   3839
166 114   3840
166 116   3841
166 117   3842
166 118   3843
166 119   3844
166 121   3845
166 122   3846
166 123   3847
166 124   3848
166 126   3849
166 127   3850
166 128   3851
166 129   3852
166 130   3853
166 131   3854
166 132   3855
166 133   3856
166 134   3857
166 135   3858
166 136   3859
166 137   3860
166 138   3861
166 139   3862
166 140   3863
166 141   3864
166 142   3865
166 143   3866
166 144   3867
166 145   3868
166 146   3869
166 147   3870
166 148   3871
166 149   3872
166 150   3873
166 151   3874
166 152   3875
166 153   3876
166 154   3877
166 155   3878
166 156   3879
166 157   3880
166 158   3881
166 159   3882
166 160   3883
166 161   3884
166 162   3885
166 163   3886
166 164   3887
166 165   3888
166 166   3889
166 167   3890
166 168   3891
166 169   3892
166 170   3893
166 171   3894
166 172   3895
166 173   3896
166 174   3897
166 175   3898
166 176   3899
166 177   3900
166 178   3901
166 179   3902
166 180   3903
166 181   3904
166 182   3905
166 183   3906
166 184   3907
166 185   3908
166 186   3909
166 187   3910
166 188   3911
166 189   3912
166 190   3913
166 191   3914
166 192   3915
166 193   3916
166 194   3917
166 195   3918
166 196   3919
166 197   3920
166 198   3921
166 199   3922
166 200   3923
166 201   3924
166 202   3925
166 203   3926
166 204   3927
166 205   3928
166 206   3929
166 207   3930
166 208   3931
166 209   3932
166 210   3933
166 211   3934
166 212   3935
166 213   3936
166 214   3937
166 215   3938
166 216   3939
166 217   3940
166 218   3941
166 219   3942
166 220   3943
166 221   3944
166 222   3945
166 227   3946
166 228   3947
166 229   3948
166 230   3949
166 231   3950
166 232   3951
166 233   3952
166 234   3953
166 235   3954
166 236   3955
166 237   3956
166 238   3957
166 239   3958
166 240   3959
166 241   3960
166 242   3961
166 243   3962
166 244   3963
166 245   3964
166 246   3965
166 247   3966
166 248   3967
166 249   3968
166 250   3969
166 251   3970
166 252   3971
166 253   3972
166 254   3973
166 255   3974
167 0   3975
167 1   3976
167 2   3977
167 3   3978
167 4   3979
167 5   3980
167 6   3981
167 7   3982
167 8   3983
167 9   3984
167 10   3985
167 11   3986
180 0   3987
180 1   3988
180 2   3989
180 3   3990
180 4   3991
180 5   3992
180 6   3993
180 7   3994
180 8   3995
180 9   3996
180 10   3997
180 11   3998
180 12   3999
180 13   4000
180 14   4001
180 15   4002
180 16   4003
180 17   4004
180 18   4005
180 19   4006
180 20   4007
180 21   4008
180 22   4009
180 23   4010
180 24   4011
180 25   4012
180 26   4013
180 27   4014
180 28   4015
180 29   4016
180 30   4017
180 31   4018
180 32   4019
180 33   4020
180 34   4021
180 35   4022
180 36   4023
180 37   4024
180 38   4025
180 39   4026
180 40   4027
180 41   4028
180 42   4029
180 43   4030
180 44   4031
180 45   4032
180 46   4033
180 47   4034
180 48   4035
180 49   4036
180 50   4037
180 51   4038
180 52   4039
180 53   4040
180 54   4041
180 55   4042
180 56   4043
180 57   4044
180 58   4045
180 59   4046
180 60   4047
180 61   4048
180 62   4049
180 63   4050
180 64   4051
180 65   4052
180 66   4053
180 67   4054
180 68   4055
180 69   4056
180 70   4057
180 71   4058
180 72   4059
180 73   4060
180 74   4061
180 75   4062
180 76   4063
180 77   4064
180 78   4065
180 79   4066
180 80   4067
180 81   4068
180 82   4069
180 83   4070
180 84   4071
180 85   4072
180 86   4073
180 87   4074
180 88   4075
180 89   4076
180 90   4077
180 91   4078
180 92   4079
180 93   4080
180 94   4081
180 95   4082
180 96   4083
180 97   4084
180 98   4085
180 99   4086
180 100   4087
180 101   4088
180 102   4089
180 103   4090
180 104   4091
180 107   4092
180 108   4093
180 109   4094
180 110   4095
180 111   4096
180 112   4097
180 113   4098
180 114   4099
180 115   4100
180 116   4101
180 117   4102
180 118   4103
180 119   4104
180 120   4105
180 121   4106
180 122   4107
180 123   4108
180 124   4109
180 125   4110
180 126   4111
180 127   4112
180 128   4113
180 129   4114
180 130   4115
180 131   4116
180 132   4117
180 133   4118
180 134   4119
180 135   4120
180 136   4121
180 137   4122
180 138   4123
180 139   4124
180 140   4125
180 141   4126
180 142   4127
180 143   4128
180 144   4129
180 145   4130
180 146   4131
180 147   4132
180 148   4133
180 149   4134
180 150   4135
180 151   4136
180 152   4137
180 153   4138
180 154   4139
180 155   4140
180 156   4141
180 157   4142
180 158   4143
180 159   4144
180 160   4145
180 161   4146
180 162   4147
180 163   4148
180 164   4149
180 165   4150
180 166   4151
180 167   4152
180 168   4153
180 169   4154
180 170   4155
180 171   4156
180 172   4157
180 173   4158
180 174   4159
180 175   4160
180 176   4161
180 177   4162
180 178   4163
180 179   4164
180 180   4165
180 181   4166
180 182   4167
180 183   4168
180 184   4169
180 185   4170
180 186   4171
180 187   4172
180 188   4173
180 189   4174
180 190   4175
180 191   4176
180 192   4177
180 193   4178
180 194   4179
180 195   4180
180 196   4181
180 197   4182
180 198   4183
180 199   4184
180 200   4185
180 201   4186
180 202   4187
180 203   4188
180 204   4189
180 205   4190
180 206   4191
180 207   4192
180 208   4193
180 209   4194
180 210   4195
180 211   4196
180 212   4197
180 213   4198
180 214   4199
180 215   4200
180 216   4201
180 217   4202
180 218   4203
180 219   4204
180 220   4205
180 221   4206
180 222   4207
180 223   4208
180 224   4209
180 225   4210
180 226   4211
180 227   4212
180 228   4213
180 229   4214
180 230   4215
180 231   4216
180 232   4217
180 233   4218
180 234   4219
180 235   4220
180 236   4221
180 237   4222
180 238   4223
180 239   4224
180 240   4225
180 241   4226
180 242   4227
180 243   4228
180 244   4229
180 245   4230
180 246   4231
180 247   4232
180 248   4233
180 249   4234
180 250   4235
180 251   4236
180 252   4237
180 253   4238
180 254   4239
181 0   4240
181 1   4241
181 2   4242
181 3   4243
181 4   4244
181 5   4245
181 6   4246
181 7   4247
181 8   4248
182 0   4249
182 1   4250
182 2   4251
182 4   4252
182 5   4253
182 6   4254
182 7   4255
182 8   4256
182 9   4257
182 10   4258
182 11   4259
182 12   4260
182 13   4261
182 14   4262
182 15   4263
182 16   4264
182 17   4265
182 18   4266
182 19   4267
182 20   4268
182 21   4269
182 22   4270
182 23   4271
182 24   4272
182 25   4273
182 26   4274
182 27   4275
182 28   4276
182 29   4277
182 30   4278
182 31   4279
182 32   4280
182 33   4281
182 34   4282
182 35   4283
182 36   4284
182 37   4285
182 38   4286
182 39   4287
182 40   4288
182 41   4289
182 42   4290
182 43   4291
182 44   4292
182 45   4293
182 46   4294
182 47   4295
182 48   4296
182 49   4297
182 50   4298
182 51   4299
182 52   4300
182 53   4301
182 54   4302
182 55   4303
182 56   4304
182 57   4305
182 58   4306
182 59   4307
182 60   4308
182 61   4309
182 62   4310
183 0   4311
183 1   4312
183 2   4313
183 3   4314
183 4   4315
183 5   4316
183 6   4317
184 0   4318
184 1   4319
184 2   4320
184 3   4321
184 4   4322
184 5   4323
184 6   4324
184 7   4325
184 8   4326
184 9   4327
184 10   4328
184 11   4329
184 12   4330
184 13   4331
184 14   4332
184 15   4333
184 16   4334
184 17   4335
184 18   4336
184 19   4337
184 20   4338
184 21   4339
184 22   4340
184 23   4341
184 24   4342
184 25   4343
184 26   4344
184 27   4345
184 28   4346
184 29   4347
184 30   4348
184 31   4349
184 32   4350
184 33   4351
184 34   4352
184 35   4353
184 36   4354
184 37   4355
184 38   4356
184 39   4357
184 40   4358
184 41   4359
184 42   4360
184 43   4361
184 44   4362
184 45   4363
184 46   4364
184 47   4365
184 48   4366
184 49   4367
184 50   4368
184 51   4369
184 52   4370
184 53   4371
184 54   4372
184 55   4373
184 56   4374
184 57   4375
184 58   4376
184 59   4377
184 60   4378
184 62   4379
184 63   4380
184 64   4381
184 65   4382
184 66   4383
184 67   4384
184 68   4385
184 69   4386
184 70   4387
184 71   4388
184 72   4389
184 73   4390
184 74   4391
184 75   4392
